2023-12-13T02:26:42.055+01:00  INFO 10300 --- [cluster-ClusterId{value='6578c1180f20321e73b05113', description='null'}-ac-fskrqmy-shard-00-02.istj6tc.mongodb.net:27017] org.mongodb.driver.cluster               : Exception in monitor thread while connecting to server ac-fskrqmy-shard-00-02.istj6tc.mongodb.net:27017

com.mongodb.MongoSocketReadException: Exception receiving message
	at com.mongodb.internal.connection.InternalStreamConnection.translateReadException(InternalStreamConnection.java:705) ~[mongodb-driver-core-4.8.2.jar:na]
	at com.mongodb.internal.connection.InternalStreamConnection.receiveMessageWithAdditionalTimeout(InternalStreamConnection.java:577) ~[mongodb-driver-core-4.8.2.jar:na]
	at com.mongodb.internal.connection.InternalStreamConnection.receiveCommandMessageResponse(InternalStreamConnection.java:413) ~[mongodb-driver-core-4.8.2.jar:na]
	at com.mongodb.internal.connection.InternalStreamConnection.receive(InternalStreamConnection.java:372) ~[mongodb-driver-core-4.8.2.jar:na]
	at com.mongodb.internal.connection.DefaultServerMonitor$ServerMonitorRunnable.lookupServerDescription(DefaultServerMonitor.java:226) ~[mongodb-driver-core-4.8.2.jar:na]
	at com.mongodb.internal.connection.DefaultServerMonitor$ServerMonitorRunnable.run(DefaultServerMonitor.java:158) ~[mongodb-driver-core-4.8.2.jar:na]
	at java.base/java.lang.Thread.run(Thread.java:833) ~[na:na]
Caused by: java.net.SocketException: Socket is closed
	at java.base/java.net.Socket.setSoTimeout(Socket.java:1218) ~[na:na]
	at java.base/sun.security.ssl.BaseSSLSocketImpl.setSoTimeout(BaseSSLSocketImpl.java:638) ~[na:na]
	at java.base/sun.security.ssl.SSLSocketImpl.setSoTimeout(SSLSocketImpl.java:74) ~[na:na]
	at com.mongodb.internal.connection.SocketStream.read(SocketStream.java:140) ~[mongodb-driver-core-4.8.2.jar:na]
	at com.mongodb.internal.connection.InternalStreamConnection.receiveResponseBuffers(InternalStreamConnection.java:716) ~[mongodb-driver-core-4.8.2.jar:na]
	at com.mongodb.internal.connection.InternalStreamConnection.receiveMessageWithAdditionalTimeout(InternalStreamConnection.java:574) ~[mongodb-driver-core-4.8.2.jar:na]
	... 5 common frames omitted

2023-12-13T02:26:42.056+01:00  INFO 10300 --- [cluster-ClusterId{value='6578c1180f20321e73b05113', description='null'}-ac-fskrqmy-shard-00-00.istj6tc.mongodb.net:27017] org.mongodb.driver.cluster               : Exception in monitor thread while connecting to server ac-fskrqmy-shard-00-00.istj6tc.mongodb.net:27017

com.mongodb.MongoSocketReadException: Exception receiving message
	at com.mongodb.internal.connection.InternalStreamConnection.translateReadException(InternalStreamConnection.java:705) ~[mongodb-driver-core-4.8.2.jar:na]
	at com.mongodb.internal.connection.InternalStreamConnection.receiveMessageWithAdditionalTimeout(InternalStreamConnection.java:577) ~[mongodb-driver-core-4.8.2.jar:na]
	at com.mongodb.internal.connection.InternalStreamConnection.receiveCommandMessageResponse(InternalStreamConnection.java:413) ~[mongodb-driver-core-4.8.2.jar:na]
	at com.mongodb.internal.connection.InternalStreamConnection.receive(InternalStreamConnection.java:372) ~[mongodb-driver-core-4.8.2.jar:na]
	at com.mongodb.internal.connection.DefaultServerMonitor$ServerMonitorRunnable.lookupServerDescription(DefaultServerMonitor.java:226) ~[mongodb-driver-core-4.8.2.jar:na]
	at com.mongodb.internal.connection.DefaultServerMonitor$ServerMonitorRunnable.run(DefaultServerMonitor.java:158) ~[mongodb-driver-core-4.8.2.jar:na]
	at java.base/java.lang.Thread.run(Thread.java:833) ~[na:na]
Caused by: java.net.SocketException: Socket is closed
	at java.base/java.net.Socket.setSoTimeout(Socket.java:1218) ~[na:na]
	at java.base/sun.security.ssl.BaseSSLSocketImpl.setSoTimeout(BaseSSLSocketImpl.java:638) ~[na:na]
	at java.base/sun.security.ssl.SSLSocketImpl.setSoTimeout(SSLSocketImpl.java:74) ~[na:na]
	at com.mongodb.internal.connection.SocketStream.read(SocketStream.java:140) ~[mongodb-driver-core-4.8.2.jar:na]
	at com.mongodb.internal.connection.InternalStreamConnection.receiveResponseBuffers(InternalStreamConnection.java:716) ~[mongodb-driver-core-4.8.2.jar:na]
	at com.mongodb.internal.connection.InternalStreamConnection.receiveMessageWithAdditionalTimeout(InternalStreamConnection.java:574) ~[mongodb-driver-core-4.8.2.jar:na]
	... 5 common frames omitted

2023-12-13T02:26:42.056+01:00  INFO 10300 --- [cluster-ClusterId{value='6578c1180f20321e73b05113', description='null'}-ac-fskrqmy-shard-00-01.istj6tc.mongodb.net:27017] org.mongodb.driver.cluster               : Exception in monitor thread while connecting to server ac-fskrqmy-shard-00-01.istj6tc.mongodb.net:27017

com.mongodb.MongoSocketReadException: Exception receiving message
	at com.mongodb.internal.connection.InternalStreamConnection.translateReadException(InternalStreamConnection.java:705) ~[mongodb-driver-core-4.8.2.jar:na]
	at com.mongodb.internal.connection.InternalStreamConnection.receiveMessageWithAdditionalTimeout(InternalStreamConnection.java:577) ~[mongodb-driver-core-4.8.2.jar:na]
	at com.mongodb.internal.connection.InternalStreamConnection.receiveCommandMessageResponse(InternalStreamConnection.java:413) ~[mongodb-driver-core-4.8.2.jar:na]
	at com.mongodb.internal.connection.InternalStreamConnection.receive(InternalStreamConnection.java:372) ~[mongodb-driver-core-4.8.2.jar:na]
	at com.mongodb.internal.connection.DefaultServerMonitor$ServerMonitorRunnable.lookupServerDescription(DefaultServerMonitor.java:226) ~[mongodb-driver-core-4.8.2.jar:na]
	at com.mongodb.internal.connection.DefaultServerMonitor$ServerMonitorRunnable.run(DefaultServerMonitor.java:158) ~[mongodb-driver-core-4.8.2.jar:na]
	at java.base/java.lang.Thread.run(Thread.java:833) ~[na:na]
Caused by: java.net.SocketException: Socket is closed
	at java.base/java.net.Socket.setSoTimeout(Socket.java:1218) ~[na:na]
	at java.base/sun.security.ssl.BaseSSLSocketImpl.setSoTimeout(BaseSSLSocketImpl.java:638) ~[na:na]
	at java.base/sun.security.ssl.SSLSocketImpl.setSoTimeout(SSLSocketImpl.java:74) ~[na:na]
	at com.mongodb.internal.connection.SocketStream.read(SocketStream.java:140) ~[mongodb-driver-core-4.8.2.jar:na]
	at com.mongodb.internal.connection.InternalStreamConnection.receiveResponseBuffers(InternalStreamConnection.java:716) ~[mongodb-driver-core-4.8.2.jar:na]
	at com.mongodb.internal.connection.InternalStreamConnection.receiveMessageWithAdditionalTimeout(InternalStreamConnection.java:574) ~[mongodb-driver-core-4.8.2.jar:na]
	... 5 common frames omitted

2023-12-13T02:26:42.574+01:00  INFO 10300 --- [cluster-ClusterId{value='6578c1180f20321e73b05113', description='null'}-ac-fskrqmy-shard-00-01.istj6tc.mongodb.net:27017] org.mongodb.driver.cluster               : Exception in monitor thread while connecting to server ac-fskrqmy-shard-00-01.istj6tc.mongodb.net:27017

com.mongodb.MongoSocketException: No such host is known (ac-fskrqmy-shard-00-01.istj6tc.mongodb.net)
	at com.mongodb.ServerAddress.getSocketAddresses(ServerAddress.java:217) ~[mongodb-driver-core-4.8.2.jar:na]
	at com.mongodb.internal.connection.SocketStream.initializeSocket(SocketStream.java:78) ~[mongodb-driver-core-4.8.2.jar:na]
	at com.mongodb.internal.connection.SocketStream.open(SocketStream.java:68) ~[mongodb-driver-core-4.8.2.jar:na]
	at com.mongodb.internal.connection.InternalStreamConnection.open(InternalStreamConnection.java:183) ~[mongodb-driver-core-4.8.2.jar:na]
	at com.mongodb.internal.connection.DefaultServerMonitor$ServerMonitorRunnable.lookupServerDescription(DefaultServerMonitor.java:198) ~[mongodb-driver-core-4.8.2.jar:na]
	at com.mongodb.internal.connection.DefaultServerMonitor$ServerMonitorRunnable.run(DefaultServerMonitor.java:158) ~[mongodb-driver-core-4.8.2.jar:na]
	at java.base/java.lang.Thread.run(Thread.java:833) ~[na:na]
Caused by: java.net.UnknownHostException: No such host is known (ac-fskrqmy-shard-00-01.istj6tc.mongodb.net)
	at java.base/java.net.Inet6AddressImpl.lookupAllHostAddr(Native Method) ~[na:na]
	at java.base/java.net.InetAddress$PlatformNameService.lookupAllHostAddr(InetAddress.java:933) ~[na:na]
	at java.base/java.net.InetAddress.getAddressesFromNameService(InetAddress.java:1519) ~[na:na]
	at java.base/java.net.InetAddress$NameServiceAddresses.get(InetAddress.java:852) ~[na:na]
	at java.base/java.net.InetAddress.getAllByName0(InetAddress.java:1509) ~[na:na]
	at java.base/java.net.InetAddress.getAllByName(InetAddress.java:1367) ~[na:na]
	at java.base/java.net.InetAddress.getAllByName(InetAddress.java:1301) ~[na:na]
	at com.mongodb.ServerAddress.getSocketAddresses(ServerAddress.java:209) ~[mongodb-driver-core-4.8.2.jar:na]
	... 6 common frames omitted

2023-12-13T02:26:42.574+01:00  INFO 10300 --- [cluster-ClusterId{value='6578c1180f20321e73b05113', description='null'}-ac-fskrqmy-shard-00-02.istj6tc.mongodb.net:27017] org.mongodb.driver.cluster               : Exception in monitor thread while connecting to server ac-fskrqmy-shard-00-02.istj6tc.mongodb.net:27017

com.mongodb.MongoSocketException: No such host is known (ac-fskrqmy-shard-00-02.istj6tc.mongodb.net)
	at com.mongodb.ServerAddress.getSocketAddresses(ServerAddress.java:217) ~[mongodb-driver-core-4.8.2.jar:na]
	at com.mongodb.internal.connection.SocketStream.initializeSocket(SocketStream.java:78) ~[mongodb-driver-core-4.8.2.jar:na]
	at com.mongodb.internal.connection.SocketStream.open(SocketStream.java:68) ~[mongodb-driver-core-4.8.2.jar:na]
	at com.mongodb.internal.connection.InternalStreamConnection.open(InternalStreamConnection.java:183) ~[mongodb-driver-core-4.8.2.jar:na]
	at com.mongodb.internal.connection.DefaultServerMonitor$ServerMonitorRunnable.lookupServerDescription(DefaultServerMonitor.java:198) ~[mongodb-driver-core-4.8.2.jar:na]
	at com.mongodb.internal.connection.DefaultServerMonitor$ServerMonitorRunnable.run(DefaultServerMonitor.java:158) ~[mongodb-driver-core-4.8.2.jar:na]
	at java.base/java.lang.Thread.run(Thread.java:833) ~[na:na]
Caused by: java.net.UnknownHostException: No such host is known (ac-fskrqmy-shard-00-02.istj6tc.mongodb.net)
	at java.base/java.net.Inet6AddressImpl.lookupAllHostAddr(Native Method) ~[na:na]
	at java.base/java.net.InetAddress$PlatformNameService.lookupAllHostAddr(InetAddress.java:933) ~[na:na]
	at java.base/java.net.InetAddress.getAddressesFromNameService(InetAddress.java:1519) ~[na:na]
	at java.base/java.net.InetAddress$NameServiceAddresses.get(InetAddress.java:852) ~[na:na]
	at java.base/java.net.InetAddress.getAllByName0(InetAddress.java:1509) ~[na:na]
	at java.base/java.net.InetAddress.getAllByName(InetAddress.java:1367) ~[na:na]
	at java.base/java.net.InetAddress.getAllByName(InetAddress.java:1301) ~[na:na]
	at com.mongodb.ServerAddress.getSocketAddresses(ServerAddress.java:209) ~[mongodb-driver-core-4.8.2.jar:na]
	... 6 common frames omitted

2023-12-13T02:26:42.596+01:00  INFO 10300 --- [cluster-ClusterId{value='6578c1180f20321e73b05113', description='null'}-ac-fskrqmy-shard-00-00.istj6tc.mongodb.net:27017] org.mongodb.driver.cluster               : Exception in monitor thread while connecting to server ac-fskrqmy-shard-00-00.istj6tc.mongodb.net:27017

com.mongodb.MongoSocketException: No such host is known (ac-fskrqmy-shard-00-00.istj6tc.mongodb.net)
	at com.mongodb.ServerAddress.getSocketAddresses(ServerAddress.java:217) ~[mongodb-driver-core-4.8.2.jar:na]
	at com.mongodb.internal.connection.SocketStream.initializeSocket(SocketStream.java:78) ~[mongodb-driver-core-4.8.2.jar:na]
	at com.mongodb.internal.connection.SocketStream.open(SocketStream.java:68) ~[mongodb-driver-core-4.8.2.jar:na]
	at com.mongodb.internal.connection.InternalStreamConnection.open(InternalStreamConnection.java:183) ~[mongodb-driver-core-4.8.2.jar:na]
	at com.mongodb.internal.connection.DefaultServerMonitor$ServerMonitorRunnable.lookupServerDescription(DefaultServerMonitor.java:198) ~[mongodb-driver-core-4.8.2.jar:na]
	at com.mongodb.internal.connection.DefaultServerMonitor$ServerMonitorRunnable.run(DefaultServerMonitor.java:158) ~[mongodb-driver-core-4.8.2.jar:na]
	at java.base/java.lang.Thread.run(Thread.java:833) ~[na:na]
Caused by: java.net.UnknownHostException: No such host is known (ac-fskrqmy-shard-00-00.istj6tc.mongodb.net)
	at java.base/java.net.Inet6AddressImpl.lookupAllHostAddr(Native Method) ~[na:na]
	at java.base/java.net.InetAddress$PlatformNameService.lookupAllHostAddr(InetAddress.java:933) ~[na:na]
	at java.base/java.net.InetAddress.getAddressesFromNameService(InetAddress.java:1519) ~[na:na]
	at java.base/java.net.InetAddress$NameServiceAddresses.get(InetAddress.java:852) ~[na:na]
	at java.base/java.net.InetAddress.getAllByName0(InetAddress.java:1509) ~[na:na]
	at java.base/java.net.InetAddress.getAllByName(InetAddress.java:1367) ~[na:na]
	at java.base/java.net.InetAddress.getAllByName(InetAddress.java:1301) ~[na:na]
	at com.mongodb.ServerAddress.getSocketAddresses(ServerAddress.java:209) ~[mongodb-driver-core-4.8.2.jar:na]
	... 6 common frames omitted

2023-12-13T13:23:34.752+01:00  INFO 10300 --- [cluster-ClusterId{value='6578c1180f20321e73b05113', description='null'}-ac-fskrqmy-shard-00-00.istj6tc.mongodb.net:27017] org.mongodb.driver.cluster               : Exception in monitor thread while connecting to server ac-fskrqmy-shard-00-00.istj6tc.mongodb.net:27017

com.mongodb.MongoSocketException: ac-fskrqmy-shard-00-00.istj6tc.mongodb.net
	at com.mongodb.ServerAddress.getSocketAddresses(ServerAddress.java:217) ~[mongodb-driver-core-4.8.2.jar:na]
	at com.mongodb.internal.connection.SocketStream.initializeSocket(SocketStream.java:78) ~[mongodb-driver-core-4.8.2.jar:na]
	at com.mongodb.internal.connection.SocketStream.open(SocketStream.java:68) ~[mongodb-driver-core-4.8.2.jar:na]
	at com.mongodb.internal.connection.InternalStreamConnection.open(InternalStreamConnection.java:183) ~[mongodb-driver-core-4.8.2.jar:na]
	at com.mongodb.internal.connection.DefaultServerMonitor$ServerMonitorRunnable.lookupServerDescription(DefaultServerMonitor.java:198) ~[mongodb-driver-core-4.8.2.jar:na]
	at com.mongodb.internal.connection.DefaultServerMonitor$ServerMonitorRunnable.run(DefaultServerMonitor.java:158) ~[mongodb-driver-core-4.8.2.jar:na]
	at java.base/java.lang.Thread.run(Thread.java:833) ~[na:na]
Caused by: java.net.UnknownHostException: ac-fskrqmy-shard-00-00.istj6tc.mongodb.net
	at java.base/java.net.InetAddress$CachedAddresses.get(InetAddress.java:801) ~[na:na]
	at java.base/java.net.InetAddress.getAllByName0(InetAddress.java:1509) ~[na:na]
	at java.base/java.net.InetAddress.getAllByName(InetAddress.java:1367) ~[na:na]
	at java.base/java.net.InetAddress.getAllByName(InetAddress.java:1301) ~[na:na]
	at com.mongodb.ServerAddress.getSocketAddresses(ServerAddress.java:209) ~[mongodb-driver-core-4.8.2.jar:na]
	... 6 common frames omitted

2023-12-13T13:23:34.750+01:00  INFO 10300 --- [cluster-ClusterId{value='6578c1180f20321e73b05113', description='null'}-ac-fskrqmy-shard-00-01.istj6tc.mongodb.net:27017] org.mongodb.driver.cluster               : Exception in monitor thread while connecting to server ac-fskrqmy-shard-00-01.istj6tc.mongodb.net:27017

com.mongodb.MongoSocketException: ac-fskrqmy-shard-00-01.istj6tc.mongodb.net
	at com.mongodb.ServerAddress.getSocketAddresses(ServerAddress.java:217) ~[mongodb-driver-core-4.8.2.jar:na]
	at com.mongodb.internal.connection.SocketStream.initializeSocket(SocketStream.java:78) ~[mongodb-driver-core-4.8.2.jar:na]
	at com.mongodb.internal.connection.SocketStream.open(SocketStream.java:68) ~[mongodb-driver-core-4.8.2.jar:na]
	at com.mongodb.internal.connection.InternalStreamConnection.open(InternalStreamConnection.java:183) ~[mongodb-driver-core-4.8.2.jar:na]
	at com.mongodb.internal.connection.DefaultServerMonitor$ServerMonitorRunnable.lookupServerDescription(DefaultServerMonitor.java:198) ~[mongodb-driver-core-4.8.2.jar:na]
	at com.mongodb.internal.connection.DefaultServerMonitor$ServerMonitorRunnable.run(DefaultServerMonitor.java:158) ~[mongodb-driver-core-4.8.2.jar:na]
	at java.base/java.lang.Thread.run(Thread.java:833) ~[na:na]
Caused by: java.net.UnknownHostException: ac-fskrqmy-shard-00-01.istj6tc.mongodb.net
	at java.base/java.net.InetAddress$CachedAddresses.get(InetAddress.java:801) ~[na:na]
	at java.base/java.net.InetAddress.getAllByName0(InetAddress.java:1509) ~[na:na]
	at java.base/java.net.InetAddress.getAllByName(InetAddress.java:1367) ~[na:na]
	at java.base/java.net.InetAddress.getAllByName(InetAddress.java:1301) ~[na:na]
	at com.mongodb.ServerAddress.getSocketAddresses(ServerAddress.java:209) ~[mongodb-driver-core-4.8.2.jar:na]
	... 6 common frames omitted

2023-12-13T13:23:57.910+01:00  INFO 10300 --- [cluster-ClusterId{value='6578c1180f20321e73b05113', description='null'}-ac-fskrqmy-shard-00-01.istj6tc.mongodb.net:27017] org.mongodb.driver.cluster               : Monitor thread successfully connected to server with description ServerDescription{address=ac-fskrqmy-shard-00-01.istj6tc.mongodb.net:27017, type=REPLICA_SET_SECONDARY, state=CONNECTED, ok=true, minWireVersion=0, maxWireVersion=17, maxDocumentSize=16777216, logicalSessionTimeoutMinutes=30, roundTripTimeNanos=359033700, setName='atlas-ngro6w-shard-0', canonicalAddress=ac-fskrqmy-shard-00-01.istj6tc.mongodb.net:27017, hosts=[ac-fskrqmy-shard-00-00.istj6tc.mongodb.net:27017, ac-fskrqmy-shard-00-02.istj6tc.mongodb.net:27017, ac-fskrqmy-shard-00-01.istj6tc.mongodb.net:27017], passives=[], arbiters=[], primary='ac-fskrqmy-shard-00-02.istj6tc.mongodb.net:27017', tagSet=TagSet{[Tag{name='availabilityZone', value='use1-az4'}, Tag{name='nodeType', value='ELECTABLE'}, Tag{name='provider', value='AWS'}, Tag{name='region', value='US_EAST_1'}, Tag{name='workloadType', value='OPERATIONAL'}]}, electionId=null, setVersion=12, topologyVersion=TopologyVersion{processId=6577c55763f45bff71c3c2b2, counter=4}, lastWriteDate=Wed Dec 13 12:29:35 WEST 2023, lastUpdateTimeNanos=244250240898400}
2023-12-13T13:23:57.948+01:00  INFO 10300 --- [cluster-ClusterId{value='6578c1180f20321e73b05113', description='null'}-ac-fskrqmy-shard-00-02.istj6tc.mongodb.net:27017] org.mongodb.driver.cluster               : Monitor thread successfully connected to server with description ServerDescription{address=ac-fskrqmy-shard-00-02.istj6tc.mongodb.net:27017, type=REPLICA_SET_PRIMARY, state=CONNECTED, ok=true, minWireVersion=0, maxWireVersion=17, maxDocumentSize=16777216, logicalSessionTimeoutMinutes=30, roundTripTimeNanos=363594400, setName='atlas-ngro6w-shard-0', canonicalAddress=ac-fskrqmy-shard-00-02.istj6tc.mongodb.net:27017, hosts=[ac-fskrqmy-shard-00-00.istj6tc.mongodb.net:27017, ac-fskrqmy-shard-00-02.istj6tc.mongodb.net:27017, ac-fskrqmy-shard-00-01.istj6tc.mongodb.net:27017], passives=[], arbiters=[], primary='ac-fskrqmy-shard-00-02.istj6tc.mongodb.net:27017', tagSet=TagSet{[Tag{name='availabilityZone', value='use1-az6'}, Tag{name='nodeType', value='ELECTABLE'}, Tag{name='provider', value='AWS'}, Tag{name='region', value='US_EAST_1'}, Tag{name='workloadType', value='OPERATIONAL'}]}, electionId=7fffffff000000000000016b, setVersion=12, topologyVersion=TopologyVersion{processId=657746817cf48b212316b545, counter=7}, lastWriteDate=Wed Dec 13 12:29:35 WEST 2023, lastUpdateTimeNanos=244250282937000}
2023-12-13T13:23:57.948+01:00  INFO 10300 --- [cluster-ClusterId{value='6578c1180f20321e73b05113', description='null'}-ac-fskrqmy-shard-00-00.istj6tc.mongodb.net:27017] org.mongodb.driver.cluster               : Monitor thread successfully connected to server with description ServerDescription{address=ac-fskrqmy-shard-00-00.istj6tc.mongodb.net:27017, type=REPLICA_SET_SECONDARY, state=CONNECTED, ok=true, minWireVersion=0, maxWireVersion=17, maxDocumentSize=16777216, logicalSessionTimeoutMinutes=30, roundTripTimeNanos=366643400, setName='atlas-ngro6w-shard-0', canonicalAddress=ac-fskrqmy-shard-00-00.istj6tc.mongodb.net:27017, hosts=[ac-fskrqmy-shard-00-00.istj6tc.mongodb.net:27017, ac-fskrqmy-shard-00-02.istj6tc.mongodb.net:27017, ac-fskrqmy-shard-00-01.istj6tc.mongodb.net:27017], passives=[], arbiters=[], primary='ac-fskrqmy-shard-00-02.istj6tc.mongodb.net:27017', tagSet=TagSet{[Tag{name='availabilityZone', value='use1-az2'}, Tag{name='nodeType', value='ELECTABLE'}, Tag{name='provider', value='AWS'}, Tag{name='region', value='US_EAST_1'}, Tag{name='workloadType', value='OPERATIONAL'}]}, electionId=null, setVersion=12, topologyVersion=TopologyVersion{processId=65796801c5ea36c1d04822a1, counter=3}, lastWriteDate=Wed Dec 13 12:29:35 WEST 2023, lastUpdateTimeNanos=244250282681700}
2023-12-13T13:23:57.949+01:00  INFO 10300 --- [cluster-ClusterId{value='6578c1180f20321e73b05113', description='null'}-ac-fskrqmy-shard-00-02.istj6tc.mongodb.net:27017] org.mongodb.driver.cluster               : Discovered replica set primary ac-fskrqmy-shard-00-02.istj6tc.mongodb.net:27017 with max election id 7fffffff000000000000016b and max set version 12
